c:\users\fethi\desktop\distinct\distinct\debug\distinct.pch
c:\users\fethi\desktop\distinct\distinct\debug\vc141.pdb
c:\users\fethi\desktop\distinct\distinct\debug\vc141.idb
c:\users\fethi\desktop\distinct\distinct\debug\stdafx.obj
c:\users\fethi\desktop\distinct\distinct\debug\distinct.obj
c:\users\fethi\desktop\distinct\debug\distinct.exe
c:\users\fethi\desktop\distinct\debug\distinct.ilk
c:\users\fethi\desktop\distinct\debug\distinct.pdb
d:\hobby\anwendungsentwicklung\c++_konsole_tests\distinct\distinct\debug\distinct.obj
d:\hobby\anwendungsentwicklung\c++_konsole_tests\distinct\distinct\debug\stdafx.obj
d:\hobby\anwendungsentwicklung\c++_konsole_tests\distinct\distinct\debug\distinct.pch
d:\hobby\anwendungsentwicklung\c++_konsole_tests\distinct\distinct\debug\vc141.idb
d:\hobby\anwendungsentwicklung\c++_konsole_tests\distinct\distinct\debug\vc141.pdb
d:\hobby\anwendungsentwicklung\c++_konsole_tests\distinct\debug\distinct.pdb
d:\hobby\anwendungsentwicklung\c++_konsole_tests\distinct\debug\distinct.exe
d:\hobby\anwendungsentwicklung\c++_konsole_tests\distinct\debug\distinct.ilk
d:\hobby\anwendungsentwicklung\c++_konsole_tests\distinct\distinct\debug\distinct.tlog\cl.command.1.tlog
d:\hobby\anwendungsentwicklung\c++_konsole_tests\distinct\distinct\debug\distinct.tlog\cl.read.1.tlog
d:\hobby\anwendungsentwicklung\c++_konsole_tests\distinct\distinct\debug\distinct.tlog\cl.write.1.tlog
d:\hobby\anwendungsentwicklung\c++_konsole_tests\distinct\distinct\debug\distinct.tlog\link.command.1.tlog
d:\hobby\anwendungsentwicklung\c++_konsole_tests\distinct\distinct\debug\distinct.tlog\link.read.1.tlog
d:\hobby\anwendungsentwicklung\c++_konsole_tests\distinct\distinct\debug\distinct.tlog\link.write.1.tlog
